<?xml version="1.0" encoding="UTF-8"?>
<testsuites>
  <testsuite name="CodeIgniter Application Test Suite" tests="9" assertions="17" failures="0" errors="0" time="6.972110">
    <testsuite name="Admin_test" file="D:\FLS\Fab-Lab-Scheduler\application\tests\controllers\Admin_test.php" tests="7" assertions="15" failures="0" errors="0" time="6.963754">
      <testcase name="test_access_to_users_page" class="Admin_test" file="D:\FLS\Fab-Lab-Scheduler\application\tests\controllers\Admin_test.php" line="9" assertions="3" time="0.837214"/>
      <testcase name="test_delete_user_good_id" class="Admin_test" file="D:\FLS\Fab-Lab-Scheduler\application\tests\controllers\Admin_test.php" line="47" assertions="1" time="0.217084"/>
      <testcase name="test_delete_user_invalid_id_or_post_field" class="Admin_test" file="D:\FLS\Fab-Lab-Scheduler\application\tests\controllers\Admin_test.php" line="63" assertions="3" time="0.737391"/>
      <testcase name="test_ban_user_good_id" class="Admin_test" file="D:\FLS\Fab-Lab-Scheduler\application\tests\controllers\Admin_test.php" line="96" assertions="1" time="0.220144"/>
      <testcase name="test_ban_user_invalid_id_or_post_field" class="Admin_test" file="D:\FLS\Fab-Lab-Scheduler\application\tests\controllers\Admin_test.php" line="112" assertions="3" time="3.725485"/>
      <testcase name="test_unban_user_good_id" class="Admin_test" file="D:\FLS\Fab-Lab-Scheduler\application\tests\controllers\Admin_test.php" line="145" assertions="1" time="0.212436"/>
      <testcase name="test_unban_user_invalid_id_or_post_field" class="Admin_test" file="D:\FLS\Fab-Lab-Scheduler\application\tests\controllers\Admin_test.php" line="161" assertions="3" time="1.014000"/>
    </testsuite>
    <testsuite name="Welcome_test" file="D:\FLS\Fab-Lab-Scheduler\application\tests\controllers\Welcome_test.php" tests="2" assertions="2" failures="0" errors="0" time="0.008356">
      <testcase name="test_method_404" class="Welcome_test" file="D:\FLS\Fab-Lab-Scheduler\application\tests\controllers\Welcome_test.php" line="13" assertions="1" time="0.007655"/>
      <testcase name="test_APPPATH" class="Welcome_test" file="D:\FLS\Fab-Lab-Scheduler\application\tests\controllers\Welcome_test.php" line="19" assertions="1" time="0.000701"/>
    </testsuite>
  </testsuite>
</testsuites>
